<?xml version="1.0" encoding="UTF-8"?>
<testng-results ignored="0" total="1" passed="1" failed="0" skipped="0">
  <reporter-output>
  </reporter-output>
  <suite started-at="2024-05-06T03:18:32 EDT" name="Default suite" finished-at="2024-05-06T03:18:33 EDT" duration-ms="639">
    <groups>
    </groups>
    <test started-at="2024-05-06T03:18:32 EDT" name="Default test" finished-at="2024-05-06T03:18:33 EDT" duration-ms="639">
      <class name="API_Test_Bundel.Test_ApiRequest">
        <test-method signature="testGet()[pri:0, instance:API_Test_Bundel.Test_ApiRequest@290222c1]" started-at="2024-05-06T03:18:32 EDT" name="testGet" finished-at="2024-05-06T03:18:33 EDT" duration-ms="570" status="PASS">
          <reporter-output>
          </reporter-output>
        </test-method> <!-- testGet -->
      </class> <!-- API_Test_Bundel.Test_ApiRequest -->
    </test> <!-- Default test -->
  </suite> <!-- Default suite -->
</testng-results>
